<?xml version="1.0" encoding="UTF-8"?>
<coverage generated="1751295155391" clover="3.2.0">
  <project timestamp="1751295155392" name="All files">
    <metrics statements="79" coveredstatements="73" conditionals="8" coveredconditionals="6" methods="24" coveredmethods="23" elements="111" coveredelements="102" complexity="0" loc="79" ncloc="79" packages="2" files="7" classes="7"/>
    <package name="Component">
      <metrics statements="15" coveredstatements="13" conditionals="2" coveredconditionals="2" methods="7" coveredmethods="6"/>
      <file name="InputTextComponent.tsx" path="C:\Users\helia\Downloads\FrontEND\src\Component\InputTextComponent.tsx">
        <metrics statements="2" coveredstatements="0" conditionals="0" coveredconditionals="0" methods="1" coveredmethods="0"/>
        <line num="11" count="0" type="stmt"/>
        <line num="12" count="0" type="stmt"/>
      </file>
      <file name="MyButton.tsx" path="C:\Users\helia\Downloads\FrontEND\src\Component\MyButton.tsx">
        <metrics statements="3" coveredstatements="3" conditionals="0" coveredconditionals="0" methods="1" coveredmethods="1"/>
        <line num="5" count="8" type="stmt"/>
        <line num="6" count="93" type="stmt"/>
        <line num="15" count="8" type="stmt"/>
      </file>
      <file name="TimerComponent.tsx" path="C:\Users\helia\Downloads\FrontEND\src\Component\TimerComponent.tsx">
        <metrics statements="10" coveredstatements="10" conditionals="2" coveredconditionals="2" methods="5" coveredmethods="5"/>
        <line num="8" count="2" type="stmt"/>
        <line num="9" count="23" type="stmt"/>
        <line num="11" count="23" type="stmt"/>
        <line num="12" count="23" type="cond" truecount="2" falsecount="0"/>
        <line num="13" count="20" type="stmt"/>
        <line num="14" count="22" type="stmt"/>
        <line num="17" count="20" type="stmt"/>
        <line num="21" count="23" type="stmt"/>
        <line num="23" count="23" type="stmt"/>
        <line num="30" count="2" type="stmt"/>
      </file>
    </package>
    <package name="app">
      <metrics statements="64" coveredstatements="60" conditionals="6" coveredconditionals="4" methods="17" coveredmethods="17"/>
      <file name="_layout.tsx" path="C:\Users\helia\Downloads\FrontEND\src\app\_layout.tsx">
        <metrics statements="1" coveredstatements="1" conditionals="0" coveredconditionals="0" methods="1" coveredmethods="1"/>
        <line num="5" count="6" type="stmt"/>
      </file>
      <file name="index.tsx" path="C:\Users\helia\Downloads\FrontEND\src\app\index.tsx">
        <metrics statements="9" coveredstatements="9" conditionals="0" coveredconditionals="0" methods="2" coveredmethods="2"/>
        <line num="13" count="31" type="stmt"/>
        <line num="15" count="31" type="stmt"/>
        <line num="17" count="31" type="stmt"/>
        <line num="19" count="31" type="stmt"/>
        <line num="20" count="11" type="stmt"/>
        <line num="21" count="11" type="stmt"/>
        <line num="26" count="2" type="stmt"/>
        <line num="31" count="31" type="stmt"/>
        <line num="59" count="4" type="stmt"/>
      </file>
      <file name="qcm.tsx" path="C:\Users\helia\Downloads\FrontEND\src\app\qcm.tsx">
        <metrics statements="47" coveredstatements="44" conditionals="6" coveredconditionals="4" methods="12" coveredmethods="12"/>
        <line num="12" count="57" type="stmt"/>
        <line num="13" count="57" type="stmt"/>
        <line num="14" count="55" type="stmt"/>
        <line num="15" count="55" type="stmt"/>
        <line num="16" count="55" type="stmt"/>
        <line num="18" count="55" type="stmt"/>
        <line num="19" count="27" type="stmt"/>
        <line num="20" count="27" type="stmt"/>
        <line num="21" count="23" type="stmt"/>
        <line num="23" count="5" type="stmt"/>
        <line num="24" count="5" type="stmt"/>
        <line num="28" count="55" type="stmt"/>
        <line num="29" count="27" type="stmt"/>
        <line num="30" count="27" type="stmt"/>
        <line num="32" count="41" type="stmt"/>
        <line num="34" count="4" type="stmt"/>
        <line num="35" count="4" type="stmt"/>
        <line num="39" count="55" type="stmt"/>
        <line num="40" count="3" type="stmt"/>
        <line num="41" count="3" type="stmt"/>
        <line num="42" count="3" type="cond" truecount="3" falsecount="1"/>
        <line num="44" count="3" type="stmt"/>
        <line num="45" count="3" type="stmt"/>
        <line num="46" count="3" type="stmt"/>
        <line num="47" count="3" type="stmt"/>
        <line num="51" count="0" type="stmt"/>
        <line num="55" count="55" type="stmt"/>
        <line num="56" count="3" type="stmt"/>
        <line num="57" count="3" type="cond" truecount="1" falsecount="1"/>
        <line num="59" count="0" type="stmt"/>
        <line num="63" count="0" type="stmt"/>
        <line num="65" count="3" type="stmt"/>
        <line num="66" count="3" type="stmt"/>
        <line num="67" count="3" type="stmt"/>
        <line num="68" count="3" type="stmt"/>
        <line num="69" count="3" type="stmt"/>
        <line num="72" count="55" type="stmt"/>
        <line num="73" count="24" type="stmt"/>
        <line num="74" count="24" type="stmt"/>
        <line num="75" count="24" type="stmt"/>
        <line num="76" count="24" type="stmt"/>
        <line num="77" count="24" type="stmt"/>
        <line num="80" count="24" type="stmt"/>
        <line num="83" count="55" type="stmt"/>
        <line num="91" count="52" type="stmt"/>
        <line num="92" count="3" type="stmt"/>
        <line num="100" count="4" type="stmt"/>
      </file>
      <file name="result.tsx" path="C:\Users\helia\Downloads\FrontEND\src\app\result.tsx">
        <metrics statements="7" coveredstatements="6" conditionals="0" coveredconditionals="0" methods="2" coveredmethods="2"/>
        <line num="7" count="23" type="stmt"/>
        <line num="9" count="23" type="stmt"/>
        <line num="10" count="13" type="stmt"/>
        <line num="12" count="13" type="stmt"/>
        <line num="16" count="0" type="stmt"/>
        <line num="21" count="23" type="stmt"/>
        <line num="37" count="4" type="stmt"/>
      </file>
    </package>
  </project>
</coverage>
