{"C:\\Users\\helia\\Downloads\\FrontEND\\src\\Component\\InputTextComponent.tsx": {"path":"C:\\Users\\helia\\Downloads\\FrontEND\\src\\Component\\InputTextComponent.tsx","statementMap":{"0":{"start":{"line":11,"column":40},"end":{"line":20,"column":1}},"1":{"start":{"line":12,"column":2},"end":{"line":19,"column":3}}},"fnMap":{"0":{"name":"(anonymous_0)","decl":{"start":{"line":11,"column":40},"end":{"line":11,"column":41}},"loc":{"start":{"line":11,"column":88},"end":{"line":20,"column":1}},"line":11}},"branchMap":{},"s":{"0":0,"1":0},"f":{"0":0},"b":{}}
,"C:\\Users\\helia\\Downloads\\FrontEND\\src\\Component\\MyButton.tsx": {"path":"C:\\Users\\helia\\Downloads\\FrontEND\\src\\Component\\MyButton.tsx","statementMap":{"0":{"start":{"line":5,"column":17},"end":{"line":13,"column":1}},"1":{"start":{"line":6,"column":4},"end":{"line":12,"column":6}},"2":{"start":{"line":15,"column":15},"end":{"line":19,"column":1}}},"fnMap":{"0":{"name":"(anonymous_0)","decl":{"start":{"line":5,"column":17},"end":{"line":5,"column":18}},"loc":{"start":{"line":5,"column":105},"end":{"line":13,"column":1}},"line":5}},"branchMap":{},"s":{"0":6,"1":34,"2":6},"f":{"0":34},"b":{},"_coverageSchema":"1a1c01bbd47fc00a2c39e90264f33305004495a9","hash":"878467ea74ab8f65ecc8ec0c3f5eaa9679f5f4ec"}
,"C:\\Users\\helia\\Downloads\\FrontEND\\src\\Component\\TimerComponent.tsx": {"path":"C:\\Users\\helia\\Downloads\\FrontEND\\src\\Component\\TimerComponent.tsx","statementMap":{"0":{"start":{"line":8,"column":54},"end":{"line":28,"column":1}},"1":{"start":{"line":9,"column":36},"end":{"line":9,"column":62}},"2":{"start":{"line":11,"column":4},"end":{"line":19,"column":19}},"3":{"start":{"line":12,"column":8},"end":{"line":18,"column":9}},"4":{"start":{"line":13,"column":29},"end":{"line":15,"column":20}},"5":{"start":{"line":14,"column":16},"end":{"line":14,"column":56}},"6":{"start":{"line":14,"column":42},"end":{"line":14,"column":54}},"7":{"start":{"line":17,"column":12},"end":{"line":17,"column":49}},"8":{"start":{"line":17,"column":25},"end":{"line":17,"column":48}},"9":{"start":{"line":21,"column":23},"end":{"line":21,"column":63}},"10":{"start":{"line":23,"column":4},"end":{"line":27,"column":6}},"11":{"start":{"line":30,"column":15},"end":{"line":41,"column":2}}},"fnMap":{"0":{"name":"(anonymous_0)","decl":{"start":{"line":8,"column":54},"end":{"line":8,"column":55}},"loc":{"start":{"line":8,"column":72},"end":{"line":28,"column":1}},"line":8},"1":{"name":"(anonymous_1)","decl":{"start":{"line":11,"column":14},"end":{"line":11,"column":15}},"loc":{"start":{"line":11,"column":20},"end":{"line":19,"column":5}},"line":11},"2":{"name":"(anonymous_2)","decl":{"start":{"line":13,"column":41},"end":{"line":13,"column":42}},"loc":{"start":{"line":13,"column":47},"end":{"line":15,"column":13}},"line":13},"3":{"name":"(anonymous_3)","decl":{"start":{"line":14,"column":28},"end":{"line":14,"column":29}},"loc":{"start":{"line":14,"column":42},"end":{"line":14,"column":54}},"line":14},"4":{"name":"(anonymous_4)","decl":{"start":{"line":17,"column":19},"end":{"line":17,"column":20}},"loc":{"start":{"line":17,"column":25},"end":{"line":17,"column":48}},"line":17}},"branchMap":{"0":{"loc":{"start":{"line":12,"column":8},"end":{"line":18,"column":9}},"type":"if","locations":[{"start":{"line":12,"column":8},"end":{"line":18,"column":9}},{"start":{},"end":{}}],"line":12}},"s":{"0":2,"1":22,"2":22,"3":22,"4":19,"5":23,"6":23,"7":19,"8":19,"9":22,"10":22,"11":2},"f":{"0":22,"1":22,"2":23,"3":23,"4":19},"b":{"0":[19,3]},"_coverageSchema":"1a1c01bbd47fc00a2c39e90264f33305004495a9","hash":"a4cc1e5d5643391b2ac2fe8352df81065d586540"}
,"C:\\Users\\helia\\Downloads\\FrontEND\\src\\app\\_layout.tsx": {"path":"C:\\Users\\helia\\Downloads\\FrontEND\\src\\app\\_layout.tsx","statementMap":{"0":{"start":{"line":5,"column":4},"end":{"line":5,"column":51}}},"fnMap":{"0":{"name":"Layout","decl":{"start":{"line":4,"column":24},"end":{"line":4,"column":30}},"loc":{"start":{"line":4,"column":33},"end":{"line":6,"column":1}},"line":4}},"branchMap":{},"s":{"0":6},"f":{"0":6},"b":{},"_coverageSchema":"1a1c01bbd47fc00a2c39e90264f33305004495a9","hash":"6b107091d1632fc0c86b4efb0e8ee87c9d0a0e7d"}
,"C:\\Users\\helia\\Downloads\\FrontEND\\src\\app\\index.tsx": {"path":"C:\\Users\\helia\\Downloads\\FrontEND\\src\\app\\index.tsx","statementMap":{"0":{"start":{"line":13,"column":31},"end":{"line":13,"column":49}},"1":{"start":{"line":15,"column":35},"end":{"line":15,"column":53}},"2":{"start":{"line":17,"column":17},"end":{"line":17,"column":28}},"3":{"start":{"line":19,"column":25},"end":{"line":25,"column":3}},"4":{"start":{"line":20,"column":4},"end":{"line":24,"column":7}},"5":{"start":{"line":27,"column":2},"end":{"line":51,"column":4}},"6":{"start":{"line":54,"column":15},"end":{"line":91,"column":4}}},"fnMap":{"0":{"name":"Index","decl":{"start":{"line":11,"column":24},"end":{"line":11,"column":29}},"loc":{"start":{"line":11,"column":32},"end":{"line":52,"column":1}},"line":11},"1":{"name":"(anonymous_1)","decl":{"start":{"line":19,"column":25},"end":{"line":19,"column":26}},"loc":{"start":{"line":19,"column":31},"end":{"line":25,"column":3}},"line":19}},"branchMap":{},"s":{"0":14,"1":14,"2":14,"3":14,"4":2,"5":14,"6":2},"f":{"0":14,"1":2},"b":{},"_coverageSchema":"1a1c01bbd47fc00a2c39e90264f33305004495a9","hash":"781a4fc46b16c155cdcb0400a743bb1e85533ec2"}
,"C:\\Users\\helia\\Downloads\\FrontEND\\src\\app\\qcm.tsx": {"path":"C:\\Users\\helia\\Downloads\\FrontEND\\src\\app\\qcm.tsx","statementMap":{"0":{"start":{"line":12,"column":17},"end":{"line":12,"column":39}},"1":{"start":{"line":13,"column":34},"end":{"line":13,"column":63}},"2":{"start":{"line":14,"column":38},"end":{"line":14,"column":57}},"3":{"start":{"line":15,"column":36},"end":{"line":15,"column":87}},"4":{"start":{"line":16,"column":28},"end":{"line":16,"column":47}},"5":{"start":{"line":18,"column":28},"end":{"line":26,"column":3}},"6":{"start":{"line":19,"column":4},"end":{"line":25,"column":5}},"7":{"start":{"line":20,"column":23},"end":{"line":20,"column":100}},"8":{"start":{"line":21,"column":6},"end":{"line":21,"column":44}},"9":{"start":{"line":23,"column":6},"end":{"line":23,"column":55}},"10":{"start":{"line":24,"column":6},"end":{"line":24,"column":18}},"11":{"start":{"line":28,"column":37},"end":{"line":37,"column":3}},"12":{"start":{"line":29,"column":4},"end":{"line":36,"column":5}},"13":{"start":{"line":30,"column":23},"end":{"line":30,"column":98}},"14":{"start":{"line":32,"column":6},"end":{"line":32,"column":96}},"15":{"start":{"line":32,"column":51},"end":{"line":32,"column":93}},"16":{"start":{"line":34,"column":6},"end":{"line":34,"column":56}},"17":{"start":{"line":35,"column":6},"end":{"line":35,"column":16}},"18":{"start":{"line":39,"column":22},"end":{"line":53,"column":3}},"19":{"start":{"line":40,"column":26},"end":{"line":40,"column":87}},"20":{"start":{"line":40,"column":53},"end":{"line":40,"column":86}},"21":{"start":{"line":41,"column":4},"end":{"line":41,"column":50}},"22":{"start":{"line":42,"column":4},"end":{"line":52,"column":5}},"23":{"start":{"line":44,"column":6},"end":{"line":48,"column":9}},"24":{"start":{"line":45,"column":29},"end":{"line":45,"column":42}},"25":{"start":{"line":46,"column":8},"end":{"line":46,"column":39}},"26":{"start":{"line":47,"column":8},"end":{"line":47,"column":28}},"27":{"start":{"line":51,"column":6},"end":{"line":51,"column":30}},"28":{"start":{"line":55,"column":27},"end":{"line":70,"column":3}},"29":{"start":{"line":56,"column":27},"end":{"line":56,"column":41}},"30":{"start":{"line":57,"column":4},"end":{"line":64,"column":5}},"31":{"start":{"line":59,"column":6},"end":{"line":62,"column":9}},"32":{"start":{"line":63,"column":6},"end":{"line":63,"column":13}},"33":{"start":{"line":65,"column":19},"end":{"line":65,"column":58}},"34":{"start":{"line":66,"column":22},"end":{"line":66,"column":70}},"35":{"start":{"line":67,"column":4},"end":{"line":67,"column":34}},"36":{"start":{"line":68,"column":4},"end":{"line":68,"column":24}},"37":{"start":{"line":69,"column":4},"end":{"line":69,"column":28}},"38":{"start":{"line":72,"column":2},"end":{"line":81,"column":9}},"39":{"start":{"line":73,"column":22},"end":{"line":78,"column":5}},"40":{"start":{"line":74,"column":21},"end":{"line":74,"column":47}},"41":{"start":{"line":75,"column":24},"end":{"line":75,"column":59}},"42":{"start":{"line":76,"column":6},"end":{"line":76,"column":26}},"43":{"start":{"line":77,"column":6},"end":{"line":77,"column":30}},"44":{"start":{"line":80,"column":4},"end":{"line":80,"column":16}},"45":{"start":{"line":83,"column":2},"end":{"line":97,"column":4}},"46":{"start":{"line":91,"column":8},"end":{"line":93,"column":15}},"47":{"start":{"line":92,"column":42},"end":{"line":92,"column":69}},"48":{"start":{"line":100,"column":15},"end":{"line":121,"column":2}}},"fnMap":{"0":{"name":"Index","decl":{"start":{"line":10,"column":24},"end":{"line":10,"column":29}},"loc":{"start":{"line":10,"column":32},"end":{"line":98,"column":1}},"line":10},"1":{"name":"(anonymous_1)","decl":{"start":{"line":18,"column":28},"end":{"line":18,"column":29}},"loc":{"start":{"line":18,"column":50},"end":{"line":26,"column":3}},"line":18},"2":{"name":"(anonymous_2)","decl":{"start":{"line":28,"column":37},"end":{"line":28,"column":38}},"loc":{"start":{"line":28,"column":59},"end":{"line":37,"column":3}},"line":28},"3":{"name":"(anonymous_3)","decl":{"start":{"line":32,"column":36},"end":{"line":32,"column":37}},"loc":{"start":{"line":32,"column":51},"end":{"line":32,"column":93}},"line":32},"4":{"name":"(anonymous_4)","decl":{"start":{"line":39,"column":22},"end":{"line":39,"column":23}},"loc":{"start":{"line":39,"column":50},"end":{"line":53,"column":3}},"line":39},"5":{"name":"(anonymous_5)","decl":{"start":{"line":40,"column":41},"end":{"line":40,"column":42}},"loc":{"start":{"line":40,"column":53},"end":{"line":40,"column":86}},"line":40},"6":{"name":"(anonymous_6)","decl":{"start":{"line":44,"column":15},"end":{"line":44,"column":16}},"loc":{"start":{"line":44,"column":28},"end":{"line":48,"column":7}},"line":44},"7":{"name":"(anonymous_7)","decl":{"start":{"line":55,"column":27},"end":{"line":55,"column":28}},"loc":{"start":{"line":55,"column":59},"end":{"line":70,"column":3}},"line":55},"8":{"name":"(anonymous_8)","decl":{"start":{"line":72,"column":12},"end":{"line":72,"column":13}},"loc":{"start":{"line":72,"column":18},"end":{"line":81,"column":3}},"line":72},"9":{"name":"(anonymous_9)","decl":{"start":{"line":73,"column":22},"end":{"line":73,"column":23}},"loc":{"start":{"line":73,"column":34},"end":{"line":78,"column":5}},"line":73},"10":{"name":"(anonymous_10)","decl":{"start":{"line":90,"column":21},"end":{"line":90,"column":22}},"loc":{"start":{"line":91,"column":8},"end":{"line":93,"column":15}},"line":91},"11":{"name":"(anonymous_11)","decl":{"start":{"line":92,"column":36},"end":{"line":92,"column":37}},"loc":{"start":{"line":92,"column":42},"end":{"line":92,"column":69}},"line":92}},"branchMap":{"0":{"loc":{"start":{"line":42,"column":4},"end":{"line":52,"column":5}},"type":"if","locations":[{"start":{"line":42,"column":4},"end":{"line":52,"column":5}},{"start":{"line":49,"column":11},"end":{"line":52,"column":5}}],"line":42},"1":{"loc":{"start":{"line":42,"column":8},"end":{"line":42,"column":46}},"type":"binary-expr","locations":[{"start":{"line":42,"column":8},"end":{"line":42,"column":21}},{"start":{"line":42,"column":25},"end":{"line":42,"column":46}}],"line":42},"2":{"loc":{"start":{"line":57,"column":4},"end":{"line":64,"column":5}},"type":"if","locations":[{"start":{"line":57,"column":4},"end":{"line":64,"column":5}},{"start":{},"end":{}}],"line":57}},"s":{"0":12,"1":12,"2":12,"3":12,"4":12,"5":12,"6":6,"7":6,"8":5,"9":1,"10":1,"11":12,"12":6,"13":6,"14":5,"15":10,"16":1,"17":1,"18":12,"19":0,"20":0,"21":0,"22":0,"23":0,"24":0,"25":0,"26":0,"27":0,"28":12,"29":0,"30":0,"31":0,"32":0,"33":0,"34":0,"35":0,"36":0,"37":0,"38":12,"39":6,"40":6,"41":6,"42":6,"43":6,"44":6,"45":12,"46":10,"47":0,"48":2},"f":{"0":12,"1":6,"2":6,"3":10,"4":0,"5":0,"6":0,"7":0,"8":6,"9":6,"10":10,"11":0},"b":{"0":[0,0],"1":[0,0],"2":[0,0]},"_coverageSchema":"1a1c01bbd47fc00a2c39e90264f33305004495a9","hash":"fcd44cc0de1402ab67fd9b06144c36f7c7430e36"}
,"C:\\Users\\helia\\Downloads\\FrontEND\\src\\app\\result.tsx": {"path":"C:\\Users\\helia\\Downloads\\FrontEND\\src\\app\\result.tsx","statementMap":{"0":{"start":{"line":7,"column":19},"end":{"line":7,"column":41}},"1":{"start":{"line":9,"column":25},"end":{"line":14,"column":5}},"2":{"start":{"line":11,"column":8},"end":{"line":13,"column":11}},"3":{"start":{"line":16,"column":4},"end":{"line":29,"column":6}},"4":{"start":{"line":32,"column":15},"end":{"line":57,"column":2}}},"fnMap":{"0":{"name":"Result","decl":{"start":{"line":6,"column":24},"end":{"line":6,"column":30}},"loc":{"start":{"line":6,"column":33},"end":{"line":30,"column":1}},"line":6},"1":{"name":"(anonymous_1)","decl":{"start":{"line":9,"column":25},"end":{"line":9,"column":26}},"loc":{"start":{"line":9,"column":31},"end":{"line":14,"column":5}},"line":9}},"branchMap":{},"s":{"0":13,"1":13,"2":2,"3":13,"4":2},"f":{"0":13,"1":2},"b":{},"_coverageSchema":"1a1c01bbd47fc00a2c39e90264f33305004495a9","hash":"e19fcdf2efd50b46a03e510d31beb321a0130b8c"}
}
