{"C:\\Users\\helia\\Downloads\\FrontEND\\src\\Component\\InputTextComponent.tsx": {"path":"C:\\Users\\helia\\Downloads\\FrontEND\\src\\Component\\InputTextComponent.tsx","statementMap":{"0":{"start":{"line":11,"column":40},"end":{"line":20,"column":1}},"1":{"start":{"line":12,"column":2},"end":{"line":19,"column":3}}},"fnMap":{"0":{"name":"(anonymous_0)","decl":{"start":{"line":11,"column":40},"end":{"line":11,"column":41}},"loc":{"start":{"line":11,"column":88},"end":{"line":20,"column":1}},"line":11}},"branchMap":{},"s":{"0":0,"1":0},"f":{"0":0},"b":{}}
,"C:\\Users\\helia\\Downloads\\FrontEND\\src\\Component\\MyButton.tsx": {"path":"C:\\Users\\helia\\Downloads\\FrontEND\\src\\Component\\MyButton.tsx","statementMap":{"0":{"start":{"line":5,"column":17},"end":{"line":13,"column":1}},"1":{"start":{"line":6,"column":4},"end":{"line":12,"column":6}},"2":{"start":{"line":15,"column":15},"end":{"line":19,"column":1}}},"fnMap":{"0":{"name":"(anonymous_0)","decl":{"start":{"line":5,"column":17},"end":{"line":5,"column":18}},"loc":{"start":{"line":5,"column":105},"end":{"line":13,"column":1}},"line":5}},"branchMap":{},"s":{"0":8,"1":93,"2":8},"f":{"0":93},"b":{},"_coverageSchema":"1a1c01bbd47fc00a2c39e90264f33305004495a9","hash":"878467ea74ab8f65ecc8ec0c3f5eaa9679f5f4ec"}
,"C:\\Users\\helia\\Downloads\\FrontEND\\src\\Component\\TimerComponent.tsx": {"path":"C:\\Users\\helia\\Downloads\\FrontEND\\src\\Component\\TimerComponent.tsx","statementMap":{"0":{"start":{"line":8,"column":54},"end":{"line":28,"column":1}},"1":{"start":{"line":9,"column":36},"end":{"line":9,"column":62}},"2":{"start":{"line":11,"column":4},"end":{"line":19,"column":19}},"3":{"start":{"line":12,"column":8},"end":{"line":18,"column":9}},"4":{"start":{"line":13,"column":29},"end":{"line":15,"column":20}},"5":{"start":{"line":14,"column":16},"end":{"line":14,"column":56}},"6":{"start":{"line":14,"column":42},"end":{"line":14,"column":54}},"7":{"start":{"line":17,"column":12},"end":{"line":17,"column":49}},"8":{"start":{"line":17,"column":25},"end":{"line":17,"column":48}},"9":{"start":{"line":21,"column":23},"end":{"line":21,"column":63}},"10":{"start":{"line":23,"column":4},"end":{"line":27,"column":6}},"11":{"start":{"line":30,"column":15},"end":{"line":41,"column":2}}},"fnMap":{"0":{"name":"(anonymous_0)","decl":{"start":{"line":8,"column":54},"end":{"line":8,"column":55}},"loc":{"start":{"line":8,"column":72},"end":{"line":28,"column":1}},"line":8},"1":{"name":"(anonymous_1)","decl":{"start":{"line":11,"column":14},"end":{"line":11,"column":15}},"loc":{"start":{"line":11,"column":20},"end":{"line":19,"column":5}},"line":11},"2":{"name":"(anonymous_2)","decl":{"start":{"line":13,"column":41},"end":{"line":13,"column":42}},"loc":{"start":{"line":13,"column":47},"end":{"line":15,"column":13}},"line":13},"3":{"name":"(anonymous_3)","decl":{"start":{"line":14,"column":28},"end":{"line":14,"column":29}},"loc":{"start":{"line":14,"column":42},"end":{"line":14,"column":54}},"line":14},"4":{"name":"(anonymous_4)","decl":{"start":{"line":17,"column":19},"end":{"line":17,"column":20}},"loc":{"start":{"line":17,"column":25},"end":{"line":17,"column":48}},"line":17}},"branchMap":{"0":{"loc":{"start":{"line":12,"column":8},"end":{"line":18,"column":9}},"type":"if","locations":[{"start":{"line":12,"column":8},"end":{"line":18,"column":9}},{"start":{},"end":{}}],"line":12}},"s":{"0":2,"1":23,"2":23,"3":23,"4":20,"5":22,"6":22,"7":20,"8":20,"9":23,"10":23,"11":2},"f":{"0":23,"1":23,"2":22,"3":22,"4":20},"b":{"0":[20,3]},"_coverageSchema":"1a1c01bbd47fc00a2c39e90264f33305004495a9","hash":"a4cc1e5d5643391b2ac2fe8352df81065d586540"}
,"C:\\Users\\helia\\Downloads\\FrontEND\\src\\app\\_layout.tsx": {"path":"C:\\Users\\helia\\Downloads\\FrontEND\\src\\app\\_layout.tsx","statementMap":{"0":{"start":{"line":5,"column":4},"end":{"line":5,"column":51}}},"fnMap":{"0":{"name":"Layout","decl":{"start":{"line":4,"column":24},"end":{"line":4,"column":30}},"loc":{"start":{"line":4,"column":33},"end":{"line":6,"column":1}},"line":4}},"branchMap":{},"s":{"0":6},"f":{"0":6},"b":{},"_coverageSchema":"1a1c01bbd47fc00a2c39e90264f33305004495a9","hash":"6b107091d1632fc0c86b4efb0e8ee87c9d0a0e7d"}
,"C:\\Users\\helia\\Downloads\\FrontEND\\src\\app\\index.tsx": {"path":"C:\\Users\\helia\\Downloads\\FrontEND\\src\\app\\index.tsx","statementMap":{"0":{"start":{"line":13,"column":31},"end":{"line":13,"column":49}},"1":{"start":{"line":15,"column":35},"end":{"line":15,"column":53}},"2":{"start":{"line":17,"column":17},"end":{"line":17,"column":28}},"3":{"start":{"line":19,"column":25},"end":{"line":29,"column":3}},"4":{"start":{"line":20,"column":4},"end":{"line":28,"column":5}},"5":{"start":{"line":21,"column":6},"end":{"line":24,"column":9}},"6":{"start":{"line":26,"column":6},"end":{"line":26,"column":46}},"7":{"start":{"line":31,"column":2},"end":{"line":56,"column":4}},"8":{"start":{"line":59,"column":15},"end":{"line":96,"column":4}}},"fnMap":{"0":{"name":"Index","decl":{"start":{"line":11,"column":24},"end":{"line":11,"column":29}},"loc":{"start":{"line":11,"column":32},"end":{"line":57,"column":1}},"line":11},"1":{"name":"(anonymous_1)","decl":{"start":{"line":19,"column":25},"end":{"line":19,"column":26}},"loc":{"start":{"line":19,"column":31},"end":{"line":29,"column":3}},"line":19}},"branchMap":{},"s":{"0":31,"1":31,"2":31,"3":31,"4":11,"5":11,"6":2,"7":31,"8":4},"f":{"0":31,"1":11},"b":{},"_coverageSchema":"1a1c01bbd47fc00a2c39e90264f33305004495a9","hash":"177411758cca76318f05942934b88dc7857173bb"}
,"C:\\Users\\helia\\Downloads\\FrontEND\\src\\app\\qcm.tsx": {"path":"C:\\Users\\helia\\Downloads\\FrontEND\\src\\app\\qcm.tsx","statementMap":{"0":{"start":{"line":12,"column":17},"end":{"line":12,"column":39}},"1":{"start":{"line":13,"column":34},"end":{"line":13,"column":63}},"2":{"start":{"line":14,"column":38},"end":{"line":14,"column":57}},"3":{"start":{"line":15,"column":36},"end":{"line":15,"column":87}},"4":{"start":{"line":16,"column":28},"end":{"line":16,"column":47}},"5":{"start":{"line":18,"column":28},"end":{"line":26,"column":3}},"6":{"start":{"line":19,"column":4},"end":{"line":25,"column":5}},"7":{"start":{"line":20,"column":23},"end":{"line":20,"column":100}},"8":{"start":{"line":21,"column":6},"end":{"line":21,"column":44}},"9":{"start":{"line":23,"column":6},"end":{"line":23,"column":55}},"10":{"start":{"line":24,"column":6},"end":{"line":24,"column":18}},"11":{"start":{"line":28,"column":37},"end":{"line":37,"column":3}},"12":{"start":{"line":29,"column":4},"end":{"line":36,"column":5}},"13":{"start":{"line":30,"column":23},"end":{"line":30,"column":98}},"14":{"start":{"line":32,"column":6},"end":{"line":32,"column":96}},"15":{"start":{"line":32,"column":51},"end":{"line":32,"column":93}},"16":{"start":{"line":34,"column":6},"end":{"line":34,"column":56}},"17":{"start":{"line":35,"column":6},"end":{"line":35,"column":16}},"18":{"start":{"line":39,"column":22},"end":{"line":53,"column":3}},"19":{"start":{"line":40,"column":26},"end":{"line":40,"column":87}},"20":{"start":{"line":40,"column":53},"end":{"line":40,"column":86}},"21":{"start":{"line":41,"column":4},"end":{"line":41,"column":50}},"22":{"start":{"line":42,"column":4},"end":{"line":52,"column":5}},"23":{"start":{"line":44,"column":6},"end":{"line":48,"column":9}},"24":{"start":{"line":45,"column":29},"end":{"line":45,"column":42}},"25":{"start":{"line":46,"column":8},"end":{"line":46,"column":39}},"26":{"start":{"line":47,"column":8},"end":{"line":47,"column":28}},"27":{"start":{"line":51,"column":6},"end":{"line":51,"column":30}},"28":{"start":{"line":55,"column":27},"end":{"line":70,"column":3}},"29":{"start":{"line":56,"column":27},"end":{"line":56,"column":41}},"30":{"start":{"line":57,"column":4},"end":{"line":64,"column":5}},"31":{"start":{"line":59,"column":6},"end":{"line":62,"column":9}},"32":{"start":{"line":63,"column":6},"end":{"line":63,"column":13}},"33":{"start":{"line":65,"column":19},"end":{"line":65,"column":58}},"34":{"start":{"line":66,"column":22},"end":{"line":66,"column":70}},"35":{"start":{"line":67,"column":4},"end":{"line":67,"column":34}},"36":{"start":{"line":68,"column":4},"end":{"line":68,"column":24}},"37":{"start":{"line":69,"column":4},"end":{"line":69,"column":28}},"38":{"start":{"line":72,"column":2},"end":{"line":81,"column":9}},"39":{"start":{"line":73,"column":22},"end":{"line":78,"column":5}},"40":{"start":{"line":74,"column":21},"end":{"line":74,"column":47}},"41":{"start":{"line":75,"column":24},"end":{"line":75,"column":59}},"42":{"start":{"line":76,"column":6},"end":{"line":76,"column":26}},"43":{"start":{"line":77,"column":6},"end":{"line":77,"column":30}},"44":{"start":{"line":80,"column":4},"end":{"line":80,"column":16}},"45":{"start":{"line":83,"column":2},"end":{"line":97,"column":4}},"46":{"start":{"line":91,"column":8},"end":{"line":93,"column":15}},"47":{"start":{"line":92,"column":42},"end":{"line":92,"column":69}},"48":{"start":{"line":100,"column":15},"end":{"line":121,"column":2}}},"fnMap":{"0":{"name":"Index","decl":{"start":{"line":10,"column":24},"end":{"line":10,"column":29}},"loc":{"start":{"line":10,"column":32},"end":{"line":98,"column":1}},"line":10},"1":{"name":"(anonymous_1)","decl":{"start":{"line":18,"column":28},"end":{"line":18,"column":29}},"loc":{"start":{"line":18,"column":50},"end":{"line":26,"column":3}},"line":18},"2":{"name":"(anonymous_2)","decl":{"start":{"line":28,"column":37},"end":{"line":28,"column":38}},"loc":{"start":{"line":28,"column":59},"end":{"line":37,"column":3}},"line":28},"3":{"name":"(anonymous_3)","decl":{"start":{"line":32,"column":36},"end":{"line":32,"column":37}},"loc":{"start":{"line":32,"column":51},"end":{"line":32,"column":93}},"line":32},"4":{"name":"(anonymous_4)","decl":{"start":{"line":39,"column":22},"end":{"line":39,"column":23}},"loc":{"start":{"line":39,"column":50},"end":{"line":53,"column":3}},"line":39},"5":{"name":"(anonymous_5)","decl":{"start":{"line":40,"column":41},"end":{"line":40,"column":42}},"loc":{"start":{"line":40,"column":53},"end":{"line":40,"column":86}},"line":40},"6":{"name":"(anonymous_6)","decl":{"start":{"line":44,"column":15},"end":{"line":44,"column":16}},"loc":{"start":{"line":44,"column":28},"end":{"line":48,"column":7}},"line":44},"7":{"name":"(anonymous_7)","decl":{"start":{"line":55,"column":27},"end":{"line":55,"column":28}},"loc":{"start":{"line":55,"column":59},"end":{"line":70,"column":3}},"line":55},"8":{"name":"(anonymous_8)","decl":{"start":{"line":72,"column":12},"end":{"line":72,"column":13}},"loc":{"start":{"line":72,"column":18},"end":{"line":81,"column":3}},"line":72},"9":{"name":"(anonymous_9)","decl":{"start":{"line":73,"column":22},"end":{"line":73,"column":23}},"loc":{"start":{"line":73,"column":34},"end":{"line":78,"column":5}},"line":73},"10":{"name":"(anonymous_10)","decl":{"start":{"line":90,"column":21},"end":{"line":90,"column":22}},"loc":{"start":{"line":91,"column":8},"end":{"line":93,"column":15}},"line":91},"11":{"name":"(anonymous_11)","decl":{"start":{"line":92,"column":36},"end":{"line":92,"column":37}},"loc":{"start":{"line":92,"column":42},"end":{"line":92,"column":69}},"line":92}},"branchMap":{"0":{"loc":{"start":{"line":42,"column":4},"end":{"line":52,"column":5}},"type":"if","locations":[{"start":{"line":42,"column":4},"end":{"line":52,"column":5}},{"start":{"line":49,"column":11},"end":{"line":52,"column":5}}],"line":42},"1":{"loc":{"start":{"line":42,"column":8},"end":{"line":42,"column":46}},"type":"binary-expr","locations":[{"start":{"line":42,"column":8},"end":{"line":42,"column":21}},{"start":{"line":42,"column":25},"end":{"line":42,"column":46}}],"line":42},"2":{"loc":{"start":{"line":57,"column":4},"end":{"line":64,"column":5}},"type":"if","locations":[{"start":{"line":57,"column":4},"end":{"line":64,"column":5}},{"start":{},"end":{}}],"line":57}},"s":{"0":57,"1":57,"2":55,"3":55,"4":55,"5":55,"6":27,"7":27,"8":23,"9":5,"10":5,"11":55,"12":27,"13":27,"14":23,"15":41,"16":4,"17":4,"18":55,"19":3,"20":3,"21":3,"22":3,"23":3,"24":3,"25":3,"26":3,"27":0,"28":55,"29":3,"30":3,"31":0,"32":0,"33":3,"34":3,"35":3,"36":3,"37":3,"38":55,"39":24,"40":24,"41":24,"42":24,"43":24,"44":24,"45":55,"46":52,"47":3,"48":4},"f":{"0":57,"1":27,"2":27,"3":41,"4":3,"5":3,"6":3,"7":3,"8":24,"9":24,"10":52,"11":3},"b":{"0":[3,0],"1":[3,3],"2":[0,3]},"_coverageSchema":"1a1c01bbd47fc00a2c39e90264f33305004495a9","hash":"fcd44cc0de1402ab67fd9b06144c36f7c7430e36"}
,"C:\\Users\\helia\\Downloads\\FrontEND\\src\\app\\result.tsx": {"path":"C:\\Users\\helia\\Downloads\\FrontEND\\src\\app\\result.tsx","statementMap":{"0":{"start":{"line":7,"column":19},"end":{"line":7,"column":41}},"1":{"start":{"line":9,"column":25},"end":{"line":19,"column":5}},"2":{"start":{"line":10,"column":8},"end":{"line":18,"column":9}},"3":{"start":{"line":12,"column":12},"end":{"line":14,"column":15}},"4":{"start":{"line":16,"column":12},"end":{"line":16,"column":52}},"5":{"start":{"line":21,"column":4},"end":{"line":34,"column":6}},"6":{"start":{"line":37,"column":15},"end":{"line":62,"column":2}}},"fnMap":{"0":{"name":"Result","decl":{"start":{"line":6,"column":24},"end":{"line":6,"column":30}},"loc":{"start":{"line":6,"column":33},"end":{"line":35,"column":1}},"line":6},"1":{"name":"(anonymous_1)","decl":{"start":{"line":9,"column":25},"end":{"line":9,"column":26}},"loc":{"start":{"line":9,"column":31},"end":{"line":19,"column":5}},"line":9}},"branchMap":{},"s":{"0":23,"1":23,"2":13,"3":13,"4":0,"5":23,"6":4},"f":{"0":23,"1":13},"b":{},"_coverageSchema":"1a1c01bbd47fc00a2c39e90264f33305004495a9","hash":"7de90a6ab0cba4a5c1915d195420b35392ba907f"}
}
