TN:
SF:src\Component\InputTextComponent.tsx
FN:11,(anonymous_0)
FNF:1
FNH:0
FNDA:0,(anonymous_0)
DA:11,0
DA:12,0
LF:2
LH:0
BRF:0
BRH:0
end_of_record
TN:
SF:src\Component\MyButton.tsx
FN:5,(anonymous_0)
FNF:1
FNH:1
FNDA:93,(anonymous_0)
DA:5,8
DA:6,93
DA:15,8
LF:3
LH:3
BRF:0
BRH:0
end_of_record
TN:
SF:src\Component\TimerComponent.tsx
FN:8,(anonymous_0)
FN:11,(anonymous_1)
FN:13,(anonymous_2)
FN:14,(anonymous_3)
FN:17,(anonymous_4)
FNF:5
FNH:5
FNDA:23,(anonymous_0)
FNDA:23,(anonymous_1)
FNDA:22,(anonymous_2)
FNDA:22,(anonymous_3)
FNDA:20,(anonymous_4)
DA:8,2
DA:9,23
DA:11,23
DA:12,23
DA:13,20
DA:14,22
DA:17,20
DA:21,23
DA:23,23
DA:30,2
LF:10
LH:10
BRDA:12,0,0,20
BRDA:12,0,1,3
BRF:2
BRH:2
end_of_record
TN:
SF:src\app\_layout.tsx
FN:4,Layout
FNF:1
FNH:1
FNDA:6,Layout
DA:5,6
LF:1
LH:1
BRF:0
BRH:0
end_of_record
TN:
SF:src\app\index.tsx
FN:11,Index
FN:19,(anonymous_1)
FNF:2
FNH:2
FNDA:31,Index
FNDA:11,(anonymous_1)
DA:13,31
DA:15,31
DA:17,31
DA:19,31
DA:20,11
DA:21,11
DA:26,2
DA:31,31
DA:59,4
LF:9
LH:9
BRF:0
BRH:0
end_of_record
TN:
SF:src\app\qcm.tsx
FN:10,Index
FN:18,(anonymous_1)
FN:28,(anonymous_2)
FN:32,(anonymous_3)
FN:39,(anonymous_4)
FN:40,(anonymous_5)
FN:44,(anonymous_6)
FN:55,(anonymous_7)
FN:72,(anonymous_8)
FN:73,(anonymous_9)
FN:90,(anonymous_10)
FN:92,(anonymous_11)
FNF:12
FNH:12
FNDA:57,Index
FNDA:27,(anonymous_1)
FNDA:27,(anonymous_2)
FNDA:41,(anonymous_3)
FNDA:3,(anonymous_4)
FNDA:3,(anonymous_5)
FNDA:3,(anonymous_6)
FNDA:3,(anonymous_7)
FNDA:24,(anonymous_8)
FNDA:24,(anonymous_9)
FNDA:52,(anonymous_10)
FNDA:3,(anonymous_11)
DA:12,57
DA:13,57
DA:14,55
DA:15,55
DA:16,55
DA:18,55
DA:19,27
DA:20,27
DA:21,23
DA:23,5
DA:24,5
DA:28,55
DA:29,27
DA:30,27
DA:32,41
DA:34,4
DA:35,4
DA:39,55
DA:40,3
DA:41,3
DA:42,3
DA:44,3
DA:45,3
DA:46,3
DA:47,3
DA:51,0
DA:55,55
DA:56,3
DA:57,3
DA:59,0
DA:63,0
DA:65,3
DA:66,3
DA:67,3
DA:68,3
DA:69,3
DA:72,55
DA:73,24
DA:74,24
DA:75,24
DA:76,24
DA:77,24
DA:80,24
DA:83,55
DA:91,52
DA:92,3
DA:100,4
LF:47
LH:44
BRDA:42,0,0,3
BRDA:42,0,1,0
BRDA:42,1,0,3
BRDA:42,1,1,3
BRDA:57,2,0,0
BRDA:57,2,1,3
BRF:6
BRH:4
end_of_record
TN:
SF:src\app\result.tsx
FN:6,Result
FN:9,(anonymous_1)
FNF:2
FNH:2
FNDA:23,Result
FNDA:13,(anonymous_1)
DA:7,23
DA:9,23
DA:10,13
DA:12,13
DA:16,0
DA:21,23
DA:37,4
LF:7
LH:6
BRF:0
BRH:0
end_of_record
