TN:
SF:src\Component\InputTextComponent.tsx
FN:11,(anonymous_0)
FNF:1
FNH:0
FNDA:0,(anonymous_0)
DA:11,0
DA:12,0
LF:2
LH:0
BRF:0
BRH:0
end_of_record
TN:
SF:src\Component\MyButton.tsx
FN:5,(anonymous_0)
FNF:1
FNH:1
FNDA:34,(anonymous_0)
DA:5,6
DA:6,34
DA:15,6
LF:3
LH:3
BRF:0
BRH:0
end_of_record
TN:
SF:src\Component\TimerComponent.tsx
FN:8,(anonymous_0)
FN:11,(anonymous_1)
FN:13,(anonymous_2)
FN:14,(anonymous_3)
FN:17,(anonymous_4)
FNF:5
FNH:5
FNDA:22,(anonymous_0)
FNDA:22,(anonymous_1)
FNDA:23,(anonymous_2)
FNDA:23,(anonymous_3)
FNDA:19,(anonymous_4)
DA:8,2
DA:9,22
DA:11,22
DA:12,22
DA:13,19
DA:14,23
DA:17,19
DA:21,22
DA:23,22
DA:30,2
LF:10
LH:10
BRDA:12,0,0,19
BRDA:12,0,1,3
BRF:2
BRH:2
end_of_record
TN:
SF:src\app\_layout.tsx
FN:4,Layout
FNF:1
FNH:1
FNDA:6,Layout
DA:5,6
LF:1
LH:1
BRF:0
BRH:0
end_of_record
TN:
SF:src\app\index.tsx
FN:11,Index
FN:19,(anonymous_1)
FNF:2
FNH:2
FNDA:14,Index
FNDA:2,(anonymous_1)
DA:13,14
DA:15,14
DA:17,14
DA:19,14
DA:20,2
DA:27,14
DA:54,2
LF:7
LH:7
BRF:0
BRH:0
end_of_record
TN:
SF:src\app\qcm.tsx
FN:10,Index
FN:18,(anonymous_1)
FN:28,(anonymous_2)
FN:32,(anonymous_3)
FN:39,(anonymous_4)
FN:40,(anonymous_5)
FN:44,(anonymous_6)
FN:55,(anonymous_7)
FN:72,(anonymous_8)
FN:73,(anonymous_9)
FN:90,(anonymous_10)
FN:92,(anonymous_11)
FNF:12
FNH:7
FNDA:12,Index
FNDA:6,(anonymous_1)
FNDA:6,(anonymous_2)
FNDA:10,(anonymous_3)
FNDA:0,(anonymous_4)
FNDA:0,(anonymous_5)
FNDA:0,(anonymous_6)
FNDA:0,(anonymous_7)
FNDA:6,(anonymous_8)
FNDA:6,(anonymous_9)
FNDA:10,(anonymous_10)
FNDA:0,(anonymous_11)
DA:12,12
DA:13,12
DA:14,12
DA:15,12
DA:16,12
DA:18,12
DA:19,6
DA:20,6
DA:21,5
DA:23,1
DA:24,1
DA:28,12
DA:29,6
DA:30,6
DA:32,10
DA:34,1
DA:35,1
DA:39,12
DA:40,0
DA:41,0
DA:42,0
DA:44,0
DA:45,0
DA:46,0
DA:47,0
DA:51,0
DA:55,12
DA:56,0
DA:57,0
DA:59,0
DA:63,0
DA:65,0
DA:66,0
DA:67,0
DA:68,0
DA:69,0
DA:72,12
DA:73,6
DA:74,6
DA:75,6
DA:76,6
DA:77,6
DA:80,6
DA:83,12
DA:91,10
DA:92,0
DA:100,2
LF:47
LH:29
BRDA:42,0,0,0
BRDA:42,0,1,0
BRDA:42,1,0,0
BRDA:42,1,1,0
BRDA:57,2,0,0
BRDA:57,2,1,0
BRF:6
BRH:0
end_of_record
TN:
SF:src\app\result.tsx
FN:6,Result
FN:9,(anonymous_1)
FNF:2
FNH:2
FNDA:13,Result
FNDA:2,(anonymous_1)
DA:7,13
DA:9,13
DA:11,2
DA:16,13
DA:32,2
LF:5
LH:5
BRF:0
BRH:0
end_of_record
